This is pdfTeX, Version 3.1415926-2.4-1.40.13 (MiKTeX 2.9) (preloaded format=pdflatex 2013.10.21)  13 NOV 2013 00:08
entering extended mode
**GenomationManual-knitr.tex
(D:\Job\Projects\Genomation\genomation\inst\doc\GenomationManual-knitr.tex
LaTeX2e <2011/06/27>
Babel <v3.8m> and hyphenation patterns for english, afrikaans, ancientgreek, ar
abic, armenian, assamese, basque, bengali, bokmal, bulgarian, catalan, coptic, 
croatian, czech, danish, dutch, esperanto, estonian, farsi, finnish, french, ga
lician, german, german-x-2012-05-30, greek, gujarati, hindi, hungarian, iceland
ic, indonesian, interlingua, irish, italian, kannada, kurmanji, latin, latvian,
 lithuanian, malayalam, marathi, mongolian, mongolianlmc, monogreek, ngerman, n
german-x-2012-05-30, nynorsk, oriya, panjabi, pinyin, polish, portuguese, roman
ian, russian, sanskrit, serbian, slovak, slovenian, spanish, swedish, swissgerm
an, tamil, telugu, turkish, turkmen, ukenglish, ukrainian, uppersorbian, usengl
ishmax, welsh, loaded.
("C:\Program Files (x86)\MiKTeX 2.9\tex\latex\base\article.cls"
Document Class: article 2007/10/19 v1.4h Standard LaTeX document class
("C:\Program Files (x86)\MiKTeX 2.9\tex\latex\base\size10.clo"
File: size10.clo 2007/10/19 v1.4h Standard LaTeX file (size option)
)
\c@part=\count79
\c@section=\count80
\c@subsection=\count81
\c@subsubsection=\count82
\c@paragraph=\count83
\c@subparagraph=\count84
\c@figure=\count85
\c@table=\count86
\abovecaptionskip=\skip41
\belowcaptionskip=\skip42
\bibindent=\dimen102
)
("C:\Program Files (x86)\MiKTeX 2.9\tex\latex\graphics\graphicx.sty"
Package: graphicx 1999/02/16 v1.0f Enhanced LaTeX Graphics (DPC,SPQR)

("C:\Program Files (x86)\MiKTeX 2.9\tex\latex\graphics\keyval.sty"
Package: keyval 1999/03/16 v1.13 key=value parser (DPC)
\KV@toks@=\toks14
)
("C:\Program Files (x86)\MiKTeX 2.9\tex\latex\graphics\graphics.sty"
Package: graphics 2009/02/05 v1.0o Standard LaTeX Graphics (DPC,SPQR)

("C:\Program Files (x86)\MiKTeX 2.9\tex\latex\graphics\trig.sty"
Package: trig 1999/03/16 v1.09 sin cos tan (DPC)
)
("C:\Program Files (x86)\MiKTeX 2.9\tex\latex\00miktex\graphics.cfg"
File: graphics.cfg 2007/01/18 v1.5 graphics configuration of teTeX/TeXLive
)
Package graphics Info: Driver file: pdftex.def on input line 91.

("C:\Program Files (x86)\MiKTeX 2.9\tex\latex\pdftex-def\pdftex.def"
File: pdftex.def 2011/05/27 v0.06d Graphics/color for pdfTeX

("C:\Program Files (x86)\MiKTeX 2.9\tex\generic\oberdiek\infwarerr.sty"
Package: infwarerr 2010/04/08 v1.3 Providing info/warning/error messages (HO)
)
("C:\Program Files (x86)\MiKTeX 2.9\tex\generic\oberdiek\ltxcmds.sty"
Package: ltxcmds 2011/11/09 v1.22 LaTeX kernel commands for general use (HO)
)
\Gread@gobject=\count87
))
\Gin@req@height=\dimen103
\Gin@req@width=\dimen104
)
("C:\Program Files (x86)\MiKTeX 2.9\tex\latex\graphics\color.sty"
Package: color 2005/11/14 v1.0j Standard LaTeX Color (DPC)

("C:\Program Files (x86)\MiKTeX 2.9\tex\latex\00miktex\color.cfg"
File: color.cfg 2007/01/18 v1.5 color configuration of teTeX/TeXLive
)
Package color Info: Driver file: pdftex.def on input line 130.
)
("C:\Program Files (x86)\MiKTeX 2.9\tex\latex\framed\framed.sty"
Package: framed 2011/10/22 v 0.96: framed or shaded text with page breaks
\OuterFrameSep=\skip43
\fb@frw=\dimen105
\fb@frh=\dimen106
\FrameRule=\dimen107
\FrameSep=\dimen108
)
("C:\Program Files (x86)\MiKTeX 2.9\tex\latex\base\alltt.sty"
Package: alltt 1997/06/16 v2.0g defines alltt environment
)
("C:\Program Files (x86)\MiKTeX 2.9\tex\latex\geometry\geometry.sty"
Package: geometry 2010/09/12 v5.6 Page Geometry

("C:\Program Files (x86)\MiKTeX 2.9\tex\generic\oberdiek\ifpdf.sty"
Package: ifpdf 2011/01/30 v2.3 Provides the ifpdf switch (HO)
Package ifpdf Info: pdfTeX in PDF mode is detected.
)
("C:\Program Files (x86)\MiKTeX 2.9\tex\generic\oberdiek\ifvtex.sty"
Package: ifvtex 2010/03/01 v1.5 Detect VTeX and its facilities (HO)
Package ifvtex Info: VTeX not detected.
)
("C:\Program Files (x86)\MiKTeX 2.9\tex\generic\ifxetex\ifxetex.sty"
Package: ifxetex 2010/09/12 v0.6 Provides ifxetex conditional
)
\Gm@cnth=\count88
\Gm@cntv=\count89
\c@Gm@tempcnt=\count90
\Gm@bindingoffset=\dimen109
\Gm@wd@mp=\dimen110
\Gm@odd@mp=\dimen111
\Gm@even@mp=\dimen112
\Gm@layoutwidth=\dimen113
\Gm@layoutheight=\dimen114
\Gm@layouthoffset=\dimen115
\Gm@layoutvoffset=\dimen116
\Gm@dimlist=\toks15

("C:\Program Files (x86)\MiKTeX 2.9\tex\latex\geometry\geometry.cfg"))
("C:\Program Files (x86)\MiKTeX 2.9\tex\latex\wrapfig\wrapfig.sty"
\wrapoverhang=\dimen117
\WF@size=\dimen118
\c@WF@wrappedlines=\count91
\WF@box=\box26
\WF@everypar=\toks16
Package: wrapfig 2003/01/31  v 3.6
)
("C:\Program Files (x86)\MiKTeX 2.9\tex\latex\upquote\upquote.sty"
Package: upquote 2012/04/19 v1.3 upright-quote and grave-accent glyphs in verba
tim
)
(D:\Job\Projects\Genomation\genomation\inst\doc\GenomationManual-knitr.aux)
LaTeX Font Info:    Checking defaults for OML/cmm/m/it on input line 79.
LaTeX Font Info:    ... okay on input line 79.
LaTeX Font Info:    Checking defaults for T1/cmr/m/n on input line 79.
LaTeX Font Info:    ... okay on input line 79.
LaTeX Font Info:    Checking defaults for OT1/cmr/m/n on input line 79.
LaTeX Font Info:    ... okay on input line 79.
LaTeX Font Info:    Checking defaults for OMS/cmsy/m/n on input line 79.
LaTeX Font Info:    ... okay on input line 79.
LaTeX Font Info:    Checking defaults for OMX/cmex/m/n on input line 79.
LaTeX Font Info:    ... okay on input line 79.
LaTeX Font Info:    Checking defaults for U/cmr/m/n on input line 79.
LaTeX Font Info:    ... okay on input line 79.

("C:\Program Files (x86)\MiKTeX 2.9\tex\context\base\supp-pdf.mkii"
[Loading MPS to PDF converter (version 2006.09.02).]
\scratchcounter=\count92
\scratchdimen=\dimen119
\scratchbox=\box27
\nofMPsegments=\count93
\nofMParguments=\count94
\everyMPshowfont=\toks17
\MPscratchCnt=\count95
\MPscratchDim=\dimen120
\MPnumerator=\count96
\makeMPintoPDFobject=\count97
\everyMPtoPDFconversion=\toks18
)
*geometry* driver: auto-detecting
*geometry* detected driver: pdftex

Package geometry Warning: The marginal notes overrun the paper.
     Add 4.86812pt and more to the right margin.

*geometry* verbose mode - [ preamble ] result:
* driver: pdftex
* paper: <default>
* layout: <same size as paper>
* layoutoffset:(h,v)=(0.0pt,0.0pt)
* modes: 
* h-part:(L,W,R)=(71.13188pt, 472.03123pt, 71.13188pt)
* v-part:(T,H,B)=(71.13188pt, 652.70622pt, 71.13188pt)
* \paperwidth=614.295pt
* \paperheight=794.96999pt
* \textwidth=472.03123pt
* \textheight=652.70622pt
* \oddsidemargin=-1.1381pt
* \evensidemargin=-1.1381pt
* \topmargin=-38.1381pt
* \headheight=12.0pt
* \headsep=25.0pt
* \topskip=10.0pt
* \footskip=30.0pt
* \marginparwidth=65.0pt
* \marginparsep=11.0pt
* \columnsep=10.0pt
* \skip\footins=9.0pt plus 4.0pt minus 2.0pt
* \hoffset=0.0pt
* \voffset=0.0pt
* \mag=1000
* \@twocolumnfalse
* \@twosidefalse
* \@mparswitchfalse
* \@reversemarginfalse
* (1in=72.27pt=25.4mm, 1cm=28.453pt)

LaTeX Font Info:    External font `cmex10' loaded for size
(Font)              <12> on input line 80.
LaTeX Font Info:    External font `cmex10' loaded for size
(Font)              <8> on input line 80.
LaTeX Font Info:    External font `cmex10' loaded for size
(Font)              <6> on input line 80.
(D:\Job\Projects\Genomation\genomation\inst\doc\GenomationManual-knitr.toc
LaTeX Font Info:    External font `cmex10' loaded for size
(Font)              <7> on input line 5.
LaTeX Font Info:    External font `cmex10' loaded for size
(Font)              <5> on input line 5.
)
\tf@toc=\write3

[1

{C:/ProgramData/MiKTeX/2.9/pdftex/config/pdftex.map}]
<Figures/genomationFlowChart1.pdf, id=11, 617.58733pt x 845.0471pt>
File: Figures/genomationFlowChart1.pdf Graphic file (type pdf)

<use Figures/genomationFlowChart1.pdf>
Package pdftex.def Info: Figures/genomationFlowChart1.pdf used on input line 90
.
(pdftex.def)             Requested size: 188.8096pt x 258.35147pt.

Underfull \hbox (badness 10000) in paragraph at lines 86--94
\OT1/cmr/m/n/10 data has im-peeded the ex-trac-tion of use-ful knowl-edge and n
ovel hy-poth-e-sis gen-er-a-tion.
 []


! LaTeX Error: There's no line here to end.

See the LaTeX manual or LaTeX Companion for explanation.
Type  H <return>  for immediate help.
 ...                                              
                                                  
l.100 T
       he pipeline for computational knowledge extraction consists of three ...

Your command was ignored.
Type  I <command> <return>  to replace it with another command,
or  <return>  to continue without it.

[2 <D:/Job/Projects/Genomation/genomation/inst/doc/Figures/genomationFlowChart1
.pdf>]
Package color Info: Redefining color shadecolor on input line 109.
LaTeX Font Info:    Font shape `OT1/cmtt/bx/n' in size <10> not available
(Font)              Font shape `OT1/cmtt/m/n' tried instead on input line 111.
Package color Info: Redefining color shadecolor on input line 122.
Package color Info: Redefining color shadecolor on input line 132.
LaTeX Font Info:    Try loading font information for OMS+cmtt on input line 135
.
 (C:/PROGRA~1/R/R-30~1.2/share/texmf/tex/latex\omscmtt.fd
File: omscmtt.fd 
)
LaTeX Font Info:    Font shape `OMS/cmtt/m/n' in size <10> not available
(Font)              Font shape `OMS/cmsy/m/n' tried instead on input line 135.

! Undefined control sequence.
l.143 The data can be accesed throught the \Rcode
                                                 {data} command or located i...
The control sequence at the end of the top line
of your error message was never \def'ed. If you have
misspelled it (e.g., `\hobx'), type `I' and the correct
spelling (e.g., `I\hbox'). Otherwise just continue,
and I'll forget about whatever was undefined.

Package color Info: Redefining color shadecolor on input line 145.
[3]
! Undefined control sequence.
l.172 \Rcode
            {readGeneric} is the workhorse of the genomation package. It is ...
The control sequence at the end of the top line
of your error message was never \def'ed. If you have
misspelled it (e.g., `\hobx'), type `I' and the correct
spelling (e.g., `I\hbox'). Otherwise just continue,
and I'll forget about whatever was undefined.

Package color Info: Redefining color shadecolor on input line 177.
! Undefined control sequence.
l.189 ...which you want to read in, use the \Rcode
                                                  {meta.col} argument
The control sequence at the end of the top line
of your error message was never \def'ed. If you have
misspelled it (e.g., `\hobx'), type `I' and the correct
spelling (e.g., `I\hbox'). Otherwise just continue,
and I'll forget about whatever was undefined.

Package color Info: Redefining color shadecolor on input line 191.
Package color Info: Redefining color shadecolor on input line 204.
Package color Info: Redefining color shadecolor on input line 217.
! Undefined control sequence.
l.226 \Rcode
            {readGeneric} function can easily be extended to read almost any...
The control sequence at the end of the top line
of your error message was never \def'ed. If you have
misspelled it (e.g., `\hobx'), type `I' and the correct
spelling (e.g., `I\hbox'). Otherwise just continue,
and I'll forget about whatever was undefined.

! Undefined control sequence.
l.228 \code
           {narrowPeak} and \code{broadPeak} formats, and gtf formatted files.
The control sequence at the end of the top line
of your error message was never \def'ed. If you have
misspelled it (e.g., `\hobx'), type `I' and the correct
spelling (e.g., `I\hbox'). Otherwise just continue,
and I'll forget about whatever was undefined.

! Undefined control sequence.
l.228 \code{narrowPeak} and \code
                                 {broadPeak} formats, and gtf formatted files.
The control sequence at the end of the top line
of your error message was never \def'ed. If you have
misspelled it (e.g., `\hobx'), type `I' and the correct
spelling (e.g., `I\hbox'). Otherwise just continue,
and I'll forget about whatever was undefined.

Package color Info: Redefining color shadecolor on input line 230.
! Undefined control sequence.
l.241 ...st column of the gff file, use the \Rcode
                                                  {split.group=TRUE}
The control sequence at the end of the top line
of your error message was never \def'ed. If you have
misspelled it (e.g., `\hobx'), type `I' and the correct
spelling (e.g., `I\hbox'). Otherwise just continue,
and I'll forget about whatever was undefined.

Package color Info: Redefining color shadecolor on input line 244.
! Undefined control sequence.
l.254 \Rcode
            {readFeatureFlank} is a convenience function used to get the ran...
The control sequence at the end of the top line
of your error message was never \def'ed. If you have
misspelled it (e.g., `\hobx'), type `I' and the correct
spelling (e.g., `I\hbox'). Otherwise just continue,
and I'll forget about whatever was undefined.

Package color Info: Redefining color shadecolor on input line 258.
[4]
Package color Info: Redefining color shadecolor on input line 273.
 [5]
! Undefined control sequence.
l.293 \Rcode
            {ScoreMatrix} and \Rcode{ScoreMatrixBin} are functions used to e...
The control sequence at the end of the top line
of your error message was never \def'ed. If you have
misspelled it (e.g., `\hobx'), type `I' and the correct
spelling (e.g., `I\hbox'). Otherwise just continue,
and I'll forget about whatever was undefined.

! Undefined control sequence.
l.293 \Rcode{ScoreMatrix} and \Rcode
                                    {ScoreMatrixBin} are functions used to e...
The control sequence at the end of the top line
of your error message was never \def'ed. If you have
misspelled it (e.g., `\hobx'), type `I' and the correct
spelling (e.g., `I\hbox'). Otherwise just continue,
and I'll forget about whatever was undefined.

! Undefined control sequence.
<recently read> \Rcode 
                       
l.296 \Rcode
            {ScoreMatrix} is used when all of the windows
The control sequence at the end of the top line
of your error message was never \def'ed. If you have
misspelled it (e.g., `\hobx'), type `I' and the correct
spelling (e.g., `I\hbox'). Otherwise just continue,
and I'll forget about whatever was undefined.

! Undefined control sequence.
l.298 \Rcode
            {ScoreMatrixBin} is designed for use with windows of unequal width
The control sequence at the end of the top line
of your error message was never \def'ed. If you have
misspelled it (e.g., `\hobx'), type `I' and the correct
spelling (e.g., `I\hbox'). Otherwise just continue,
and I'll forget about whatever was undefined.

! Undefined control sequence.
l.301 Both functions have 2 main arguments: \Rcode
                                                  {target} and
The control sequence at the end of the top line
of your error message was never \def'ed. If you have
misspelled it (e.g., `\hobx'), type `I' and the correct
spelling (e.g., `I\hbox'). Otherwise just continue,
and I'll forget about whatever was undefined.

! Undefined control sequence.
l.302 \Rcode
            {windows}. \Rcode{target} is the data that we want to extract, w...
The control sequence at the end of the top line
of your error message was never \def'ed. If you have
misspelled it (e.g., `\hobx'), type `I' and the correct
spelling (e.g., `I\hbox'). Otherwise just continue,
and I'll forget about whatever was undefined.

! Undefined control sequence.
l.302 \Rcode{windows}. \Rcode
                             {target} is the data that we want to extract, w...
The control sequence at the end of the top line
of your error message was never \def'ed. If you have
misspelled it (e.g., `\hobx'), type `I' and the correct
spelling (e.g., `I\hbox'). Otherwise just continue,
and I'll forget about whatever was undefined.

! Undefined control sequence.
l.302 ...that we want to extract, while the \Rcode
                                                  {windows}
The control sequence at the end of the top line
of your error message was never \def'ed. If you have
misspelled it (e.g., `\hobx'), type `I' and the correct
spelling (e.g., `I\hbox'). Otherwise just continue,
and I'll forget about whatever was undefined.

! Undefined control sequence.
l.305 The \Rcode
                {windows} must be GRanges object.
The control sequence at the end of the top line
of your error message was never \def'ed. If you have
misspelled it (e.g., `\hobx'), type `I' and the correct
spelling (e.g., `I\hbox'). Otherwise just continue,
and I'll forget about whatever was undefined.

Package color Info: Redefining color shadecolor on input line 310.
! Undefined control sequence.
l.324 \Rcode
            {ScoreMatrixBin} function has an additional \Rcode{bin.num} argu...
The control sequence at the end of the top line
of your error message was never \def'ed. If you have
misspelled it (e.g., `\hobx'), type `I' and the correct
spelling (e.g., `I\hbox'). Otherwise just continue,
and I'll forget about whatever was undefined.

! Undefined control sequence.
l.324 ...rixBin} function has an additional \Rcode
                                                  {bin.num} argument which
The control sequence at the end of the top line
of your error message was never \def'ed. If you have
misspelled it (e.g., `\hobx'), type `I' and the correct
spelling (e.g., `I\hbox'). Otherwise just continue,
and I'll forget about whatever was undefined.

! Undefined control sequence.
l.327 to \Rcode
               {mean}.
The control sequence at the end of the top line
of your error message was never \def'ed. If you have
misspelled it (e.g., `\hobx'), type `I' and the correct
spelling (e.g., `I\hbox'). Otherwise just continue,
and I'll forget about whatever was undefined.

Package color Info: Redefining color shadecolor on input line 329.
! Undefined control sequence.
l.353 Running \Rcode
                    {ScoreMatrixBin} with \Rcode{bin.num=50} on
The control sequence at the end of the top line
of your error message was never \def'ed. If you have
misspelled it (e.g., `\hobx'), type `I' and the correct
spelling (e.g., `I\hbox'). Otherwise just continue,
and I'll forget about whatever was undefined.

! Undefined control sequence.
l.353 Running \Rcode{ScoreMatrixBin} with \Rcode
                                                {bin.num=50} on
The control sequence at the end of the top line
of your error message was never \def'ed. If you have
misspelled it (e.g., `\hobx'), type `I' and the correct
spelling (e.g., `I\hbox'). Otherwise just continue,
and I'll forget about whatever was undefined.

! Undefined control sequence.
l.356 The rownames of the resulting \Rcode
                                          {ScoreMatrix} object correspond
The control sequence at the end of the top line
of your error message was never \def'ed. If you have
misspelled it (e.g., `\hobx'), type `I' and the correct
spelling (e.g., `I\hbox'). Otherwise just continue,
and I'll forget about whatever was undefined.

! Undefined control sequence.
l.363 ... on multiple files you can use the \Rcode
                                                  {ScoreMatrixList}
The control sequence at the end of the top line
of your error message was never \def'ed. If you have
misspelled it (e.g., `\hobx'), type `I' and the correct
spelling (e.g., `I\hbox'). Otherwise just continue,
and I'll forget about whatever was undefined.

! Undefined control sequence.
l.364 ...ion also has 2 obligatory arguments \code
                                                  {targets} and \code{windows}.
The control sequence at the end of the top line
of your error message was never \def'ed. If you have
misspelled it (e.g., `\hobx'), type `I' and the correct
spelling (e.g., `I\hbox'). Otherwise just continue,
and I'll forget about whatever was undefined.

! Undefined control sequence.
l.364 ...gatory arguments \code{targets} and \code
                                                  {windows}.
The control sequence at the end of the top line
of your error message was never \def'ed. If you have
misspelled it (e.g., `\hobx'), type `I' and the correct
spelling (e.g., `I\hbox'). Otherwise just continue,
and I'll forget about whatever was undefined.

! Undefined control sequence.
l.365 While the \code
                     {windows} is the same as in \Rcode{ScoreMatrix}, the ta...
The control sequence at the end of the top line
of your error message was never \def'ed. If you have
misspelled it (e.g., `\hobx'), type `I' and the correct
spelling (e.g., `I\hbox'). Otherwise just continue,
and I'll forget about whatever was undefined.

! Undefined control sequence.
l.365 ...e \code{windows} is the same as in \Rcode
                                                  {ScoreMatrix}, the targets...
The control sequence at the end of the top line
of your error message was never \def'ed. If you have
misspelled it (e.g., `\hobx'), type `I' and the correct
spelling (e.g., `I\hbox'). Otherwise just continue,
and I'll forget about whatever was undefined.

Package color Info: Redefining color shadecolor on input line 370.
[6]
! Undefined control sequence.
l.392 ...of the windows have the same width \Rcode
                                                  {ScoreMatrixList} will use...
The control sequence at the end of the top line
of your error message was never \def'ed. If you have
misspelled it (e.g., `\hobx'), type `I' and the correct
spelling (e.g., `I\hbox'). Otherwise just continue,
and I'll forget about whatever was undefined.

! Undefined control sequence.
l.393 \Rcode
            {ScoreMatrix} function. That can be overridden by explicitly spe...
The control sequence at the end of the top line
of your error message was never \def'ed. If you have
misspelled it (e.g., `\hobx'), type `I' and the correct
spelling (e.g., `I\hbox'). Otherwise just continue,
and I'll forget about whatever was undefined.

! Undefined control sequence.
l.394 \code
           {bin.num} argument, as we did in the example.
The control sequence at the end of the top line
of your error message was never \def'ed. If you have
misspelled it (e.g., `\hobx'), type `I' and the correct
spelling (e.g., `I\hbox'). Otherwise just continue,
and I'll forget about whatever was undefined.


Underfull \hbox (badness 10000) in paragraph at lines 392--396

 []

! Undefined control sequence.
l.400 or as a histogram. \Rcode
                               {heatMatrix]}, \Rcode{plotMeta} and \Rcode{mu...
The control sequence at the end of the top line
of your error message was never \def'ed. If you have
misspelled it (e.g., `\hobx'), type `I' and the correct
spelling (e.g., `I\hbox'). Otherwise just continue,
and I'll forget about whatever was undefined.

! Undefined control sequence.
l.400 ... a histogram. \Rcode{heatMatrix]}, \Rcode
                                                  {plotMeta} and \Rcode{mult...
The control sequence at the end of the top line
of your error message was never \def'ed. If you have
misspelled it (e.g., `\hobx'), type `I' and the correct
spelling (e.g., `I\hbox'). Otherwise just continue,
and I'll forget about whatever was undefined.

! Undefined control sequence.
l.400 ...heatMatrix]}, \Rcode{plotMeta} and \Rcode
                                                  {multiHeatMatrix} are func...
The control sequence at the end of the top line
of your error message was never \def'ed. If you have
misspelled it (e.g., `\hobx'), type `I' and the correct
spelling (e.g., `I\hbox'). Otherwise just continue,
and I'll forget about whatever was undefined.

! Undefined control sequence.
l.400 ...are functions for visualization of \Rcode
                                                  {ScoreMatrix} and \Rcode{S...
The control sequence at the end of the top line
of your error message was never \def'ed. If you have
misspelled it (e.g., `\hobx'), type `I' and the correct
spelling (e.g., `I\hbox'). Otherwise just continue,
and I'll forget about whatever was undefined.

! Undefined control sequence.
l.400 ...ization of \Rcode{ScoreMatrix} and \Rcode
                                                  {ScoreMatrixList} objects.
The control sequence at the end of the top line
of your error message was never \def'ed. If you have
misspelled it (e.g., `\hobx'), type `I' and the correct
spelling (e.g., `I\hbox'). Otherwise just continue,
and I'll forget about whatever was undefined.

Package color Info: Redefining color shadecolor on input line 404.
<inst/doc/FiguresheatMatrix1.pdf, id=68, 433.62pt x 289.08pt>
File: inst/doc/FiguresheatMatrix1.pdf Graphic file (type pdf)

<use inst/doc/FiguresheatMatrix1.pdf>
Package pdftex.def Info: inst/doc/FiguresheatMatrix1.pdf used on input line 417
.
(pdftex.def)             Requested size: 231.2979pt x 154.19972pt.

! Undefined control sequence.
l.426 The \Rcode
                {heatMatrix} function can also take a list of numeric vector...
The control sequence at the end of the top line
of your error message was never \def'ed. If you have
misspelled it (e.g., `\hobx'), type `I' and the correct
spelling (e.g., `I\hbox'). Otherwise just continue,
and I'll forget about whatever was undefined.

Package color Info: Redefining color shadecolor on input line 428.
[7 <D:/Job/Projects/Genomation/genomation/inst/doc/inst/doc/FiguresheatMatrix1.
pdf>] <inst/doc/FiguresheatMatrix2.pdf, id=80, 433.62pt x 289.08pt>
File: inst/doc/FiguresheatMatrix2.pdf Graphic file (type pdf)

<use inst/doc/FiguresheatMatrix2.pdf>
Package pdftex.def Info: inst/doc/FiguresheatMatrix2.pdf used on input line 448
.
(pdftex.def)             Requested size: 231.2979pt x 154.19972pt.
Package color Info: Redefining color shadecolor on input line 460.

<inst/doc/FiguresheatMatrixScales.pdf, id=81, 433.62pt x 289.08pt>
File: inst/doc/FiguresheatMatrixScales.pdf Graphic file (type pdf)

<use inst/doc/FiguresheatMatrixScales.pdf>
Package pdftex.def Info: inst/doc/FiguresheatMatrixScales.pdf used on input lin
e 468.
(pdftex.def)             Requested size: 231.2979pt x 154.19972pt.
Package color Info: Redefining color shadecolor on input line 481.
 [8 <D:/Job/Projects/Genomation/genomation/inst/doc/inst/doc/FiguresheatMatrix2
.pdf> <D:/Job/Projects/Genomation/genomation/inst/doc/inst/doc/FiguresheatMatri
xScales.pdf>]
<inst/doc/FiguresmultiHeatMatrix1.pdf, id=101, 433.62pt x 289.08pt>
File: inst/doc/FiguresmultiHeatMatrix1.pdf Graphic file (type pdf)

<use inst/doc/FiguresmultiHeatMatrix1.pdf>
Package pdftex.def Info: inst/doc/FiguresmultiHeatMatrix1.pdf used on input lin
e 495.
(pdftex.def)             Requested size: 231.2979pt x 154.19972pt.
Package color Info: Redefining color shadecolor on input line 506.

<inst/doc/FiguresmultiHeatMatrix2.pdf, id=102, 433.62pt x 289.08pt>
File: inst/doc/FiguresmultiHeatMatrix2.pdf Graphic file (type pdf)

<use inst/doc/FiguresmultiHeatMatrix2.pdf>
Package pdftex.def Info: inst/doc/FiguresmultiHeatMatrix2.pdf used on input lin
e 513.
(pdftex.def)             Requested size: 231.2979pt x 154.19972pt.


! LaTeX Error: There's no line here to end.

See the LaTeX manual or LaTeX Companion for explanation.
Type  H <return>  for immediate help.
 ...                                              
                                                  
l.523 M
       ore advance usage of the ScoreMatrix functions and their visualtizati...

Your command was ignored.
Type  I <command> <return>  to replace it with another command,
or  <return>  to continue without it.

[9 <D:/Job/Projects/Genomation/genomation/inst/doc/inst/doc/FiguresmultiHeatMat
rix1.pdf> <D:/Job/Projects/Genomation/genomation/inst/doc/inst/doc/Figuresmulti
HeatMatrix2.pdf>]
Package color Info: Redefining color shadecolor on input line 547.

! Undefined control sequence.
l.568 \Rcode
            {intersect.chr = TRUE}, which will limit the analysis only to the
The control sequence at the end of the top line
of your error message was never \def'ed. If you have
misspelled it (e.g., `\hobx'), type `I' and the correct
spelling (e.g., `I\hbox'). Otherwise just continue,
and I'll forget about whatever was undefined.

Package color Info: Redefining color shadecolor on input line 571.
! Undefined control sequence.
l.609 \Rcode
            {readTranscriptFeatures} function. \Rcode{readTranscriptFeatures...
The control sequence at the end of the top line
of your error message was never \def'ed. If you have
misspelled it (e.g., `\hobx'), type `I' and the correct
spelling (e.g., `I\hbox'). Otherwise just continue,
and I'll forget about whatever was undefined.

! Undefined control sequence.
l.609 ...{readTranscriptFeatures} function. \Rcode
                                                  {readTranscriptFeatures} r...
The control sequence at the end of the top line
of your error message was never \def'ed. If you have
misspelled it (e.g., `\hobx'), type `I' and the correct
spelling (e.g., `I\hbox'). Otherwise just continue,
and I'll forget about whatever was undefined.

! Undefined control sequence.
l.610 ...e and parses the coordinates into a \code
                                                  {GRangesList} containing
The control sequence at the end of the top line
of your error message was never \def'ed. If you have
misspelled it (e.g., `\hobx'), type `I' and the correct
spelling (e.g., `I\hbox'). Otherwise just continue,
and I'll forget about whatever was undefined.

Package color Info: Redefining color shadecolor on input line 613.
[10]
! Undefined control sequence.
l.631 \Rcode
            {annotateWithGeneParts} will give us the  overlap statistics bet...
The control sequence at the end of the top line
of your error message was never \def'ed. If you have
misspelled it (e.g., `\hobx'), type `I' and the correct
spelling (e.g., `I\hbox'). Otherwise just continue,
and I'll forget about whatever was undefined.

! Undefined control sequence.
l.632 ...e structures. We will again use the \code
                                                  {intersect.chr=TRUE}
The control sequence at the end of the top line
of your error message was never \def'ed. If you have
misspelled it (e.g., `\hobx'), type `I' and the correct
spelling (e.g., `I\hbox'). Otherwise just continue,
and I'll forget about whatever was undefined.

Package color Info: Redefining color shadecolor on input line 635.
! Undefined control sequence.
l.675 \Rcode
            {annotateWithGeneParts} can also take a set of feature ranges as...
The control sequence at the end of the top line
of your error message was never \def'ed. If you have
misspelled it (e.g., `\hobx'), type `I' and the correct
spelling (e.g., `I\hbox'). Otherwise just continue,
and I'll forget about whatever was undefined.

Package color Info: Redefining color shadecolor on input line 679.
[11]
! Undefined control sequence.
l.694 ...ge of overlap given by priority. If \code
                                                  {cluster=TRUE}, then the f...
The control sequence at the end of the top line
of your error message was never \def'ed. If you have
misspelled it (e.g., `\hobx'), type `I' and the correct
spelling (e.g., `I\hbox'). Otherwise just continue,
and I'll forget about whatever was undefined.

Package color Info: Redefining color shadecolor on input line 697.
<inst/doc/FiguresplotGeneAnnotation1.pdf, id=131, 433.62pt x 289.08pt>
File: inst/doc/FiguresplotGeneAnnotation1.pdf Graphic file (type pdf)

<use inst/doc/FiguresplotGeneAnnotation1.pdf>
Package pdftex.def Info: inst/doc/FiguresplotGeneAnnotation1.pdf used on input 
line 704.
(pdftex.def)             Requested size: 231.2979pt x 154.19972pt.

<inst/doc/FiguresplotGeneAnnotation2.pdf, id=132, 433.62pt x 289.08pt>
File: inst/doc/FiguresplotGeneAnnotation2.pdf Graphic file (type pdf)

<use inst/doc/FiguresplotGeneAnnotation2.pdf>
Package pdftex.def Info: inst/doc/FiguresplotGeneAnnotation2.pdf used on input 
line 705.
(pdftex.def)             Requested size: 231.2979pt x 154.19972pt.
 [12 <D:/Job/Projects/Genomation/genomation/inst/doc/inst/doc/FiguresplotGeneAn
notation1.pdf> <D:/Job/Projects/Genomation/genomation/inst/doc/inst/doc/Figures
plotGeneAnnotation2.pdf>]
Package color Info: Redefining color shadecolor on input line 732.
Package color Info: Redefining color shadecolor on input line 747.

! Undefined control sequence.
l.761 chipseq peaks, we will use the \Rcode
                                           {ScoreMatrixList} function.
The control sequence at the end of the top line
of your error message was never \def'ed. If you have
misspelled it (e.g., `\hobx'), type `I' and the correct
spelling (e.g., `I\hbox'). Otherwise just continue,
and I'll forget about whatever was undefined.

! Undefined control sequence.
l.762 \Rcode
            {ScoreMatrixList} assign names to each element of the list based...
The control sequence at the end of the top line
of your error message was never \def'ed. If you have
misspelled it (e.g., `\hobx'), type `I' and the correct
spelling (e.g., `I\hbox'). Otherwise just continue,
and I'll forget about whatever was undefined.

! Undefined control sequence.
l.764 Using the \Rcode
                      {heatmapProfile} on our \Rcode{ScoreMatrixList},
The control sequence at the end of the top line
of your error message was never \def'ed. If you have
misspelled it (e.g., `\hobx'), type `I' and the correct
spelling (e.g., `I\hbox'). Otherwise just continue,
and I'll forget about whatever was undefined.

! Undefined control sequence.
l.764 ... the \Rcode{heatmapProfile} on our \Rcode
                                                  {ScoreMatrixList},
The control sequence at the end of the top line
of your error message was never \def'ed. If you have
misspelled it (e.g., `\hobx'), type `I' and the correct
spelling (e.g., `I\hbox'). Otherwise just continue,
and I'll forget about whatever was undefined.

Package color Info: Redefining color shadecolor on input line 768.
<inst/doc/FiguresctcfScoreMatrixList.pdf, id=150, 867.24pt x 578.16pt>
File: inst/doc/FiguresctcfScoreMatrixList.pdf Graphic file (type pdf)

<use inst/doc/FiguresctcfScoreMatrixList.pdf>
Package pdftex.def Info: inst/doc/FiguresctcfScoreMatrixList.pdf used on input 
line 785.
(pdftex.def)             Requested size: 377.62642pt x 251.7534pt.


! LaTeX Error: \caption outside float.

See the LaTeX manual or LaTeX Companion for explanation.
Type  H <return>  for immediate help.
 ...                                              
                                                  
l.793 \caption
              {Heatmap profile of unscaled coverage shows a slight colocaliz...

You're in trouble here.  Try typing  <return>  to proceed.
If that doesn't work, type  X <return>  to quit.

[13]
! Undefined control sequence.
l.796 ...ignal values in chipseq peaks, the \Rcode
                                                  {heatmapProfile}
The control sequence at the end of the top line
of your error message was never \def'ed. If you have
misspelled it (e.g., `\hobx'), type `I' and the correct
spelling (e.g., `I\hbox'). Otherwise just continue,
and I'll forget about whatever was undefined.

Package color Info: Redefining color shadecolor on input line 801.
<inst/doc/FiguresplotScaledProfile.pdf, id=155, 867.24pt x 578.16pt>
File: inst/doc/FiguresplotScaledProfile.pdf Graphic file (type pdf)

<use inst/doc/FiguresplotScaledProfile.pdf>
Package pdftex.def Info: inst/doc/FiguresplotScaledProfile.pdf used on input li
ne 809.
(pdftex.def)             Requested size: 377.62642pt x 251.7534pt.


! LaTeX Error: \caption outside float.

See the LaTeX manual or LaTeX Companion for explanation.
Type  H <return>  for immediate help.
 ...                                              
                                                  
l.817 \caption
              {Heatmap profile of scaled coverage shows much stronger coloca...

You're in trouble here.  Try typing  <return>  to proceed.
If that doesn't work, type  X <return>  to quit.

! Undefined control sequence.
l.825 the files, we will use the \Rcode
                                       {readGeneric} function. It enables us...
The control sequence at the end of the top line
of your error message was never \def'ed. If you have
misspelled it (e.g., `\hobx'), type `I' and the correct
spelling (e.g., `I\hbox'). Otherwise just continue,
and I'll forget about whatever was undefined.

Package color Info: Redefining color shadecolor on input line 829.
[14 <D:/Job/Projects/Genomation/genomation/inst/doc/inst/doc/FiguresctcfScoreMa
trixList.pdf> <D:/Job/Projects/Genomation/genomation/inst/doc/inst/doc/Figuresp
lotScaledProfile.pdf>]
! Undefined control sequence.
l.858 ...n of binding sites we will use the \Rcode
                                                  {findFeatureComb} function.
The control sequence at the end of the top line
of your error message was never \def'ed. If you have
misspelled it (e.g., `\hobx'), type `I' and the correct
spelling (e.g., `I\hbox'). Otherwise just continue,
and I'll forget about whatever was undefined.

! Undefined control sequence.
l.861 ...eturned ranges will have a numeric \Rcode
                                                  {class} meta data column, ...
The control sequence at the end of the top line
of your error message was never \def'ed. If you have
misspelled it (e.g., `\hobx'), type `I' and the correct
spelling (e.g., `I\hbox'). Otherwise just continue,
and I'll forget about whatever was undefined.

! Undefined control sequence.
l.863 the combinations, put the \Rcode
                                      {use.names=TRUE}.
The control sequence at the end of the top line
of your error message was never \def'ed. If you have
misspelled it (e.g., `\hobx'), type `I' and the correct
spelling (e.g., `I\hbox'). Otherwise just continue,
and I'll forget about whatever was undefined.

Package color Info: Redefining color shadecolor on input line 865.
! Undefined control sequence.
l.875 order the regions by their \Rcode
                                       {class} argument.
The control sequence at the end of the top line
of your error message was never \def'ed. If you have
misspelled it (e.g., `\hobx'), type `I' and the correct
spelling (e.g., `I\hbox'). Otherwise just continue,
and I'll forget about whatever was undefined.

Package color Info: Redefining color shadecolor on input line 877.
[15] <inst/doc/FiguresvisualizeFeatureComb.pdf, id=192, 867.24pt x 578.16pt>
File: inst/doc/FiguresvisualizeFeatureComb.pdf Graphic file (type pdf)

<use inst/doc/FiguresvisualizeFeatureComb.pdf>
Package pdftex.def Info: inst/doc/FiguresvisualizeFeatureComb.pdf used on input
 line 897.
(pdftex.def)             Requested size: 377.62642pt x 251.7534pt.
 [16 <D:/Job/Projects/Genomation/genomation/inst/doc/inst/doc/FiguresvisualizeF
eatureComb.pdf>]
(D:\Job\Projects\Genomation\genomation\inst\doc\GenomationManual-knitr.aux) ) 
Here is how much of TeX's memory you used:
 1925 strings out of 493921
 28397 string characters out of 3144872
 91000 words of memory out of 3000000
 5200 multiletter control sequences out of 15000+200000
 8746 words of font info for 32 fonts, out of 3000000 for 9000
 841 hyphenation exceptions out of 8191
 27i,6n,19p,706b,279s stack positions out of 5000i,500n,10000p,200000b,50000s
<C
:/Program Files (x86)/MiKTeX 2.9/fonts/type1/public/amsfonts/cm/cmbx10.pfb><C:/
Program Files (x86)/MiKTeX 2.9/fonts/type1/public/amsfonts/cm/cmbx12.pfb><C:/Pr
ogram Files (x86)/MiKTeX 2.9/fonts/type1/public/amsfonts/cm/cmitt10.pfb><C:/Pro
gram Files (x86)/MiKTeX 2.9/fonts/type1/public/amsfonts/cm/cmr10.pfb><C:/Progra
m Files (x86)/MiKTeX 2.9/fonts/type1/public/amsfonts/cm/cmr12.pfb><C:/Program F
iles (x86)/MiKTeX 2.9/fonts/type1/public/amsfonts/cm/cmr17.pfb><C:/Program File
s (x86)/MiKTeX 2.9/fonts/type1/public/amsfonts/cm/cmsy10.pfb><C:/Program Files 
(x86)/MiKTeX 2.9/fonts/type1/public/amsfonts/cm/cmti10.pfb><C:/Program Files (x
86)/MiKTeX 2.9/fonts/type1/public/amsfonts/cm/cmtt10.pfb><C:/Program Files (x86
)/MiKTeX 2.9/fonts/type1/public/amsfonts/cm/cmtt12.pfb>
Output written on GenomationManual-knitr.pdf (16 pages, 1322753 bytes).
PDF statistics:
 243 PDF objects out of 1000 (max. 8388607)
 0 named destinations out of 1000 (max. 500000)
 56 words of extra memory for PDF output out of 10000 (max. 10000000)

